[2012-10-14 13:46:33] event.DEBUG: Notified event "kernel.request" to listener "Symfony\Component\HttpKernel\EventListener\ProfilerListener::onKernelRequest". [] []
[2012-10-14 13:46:33] event.DEBUG: Notified event "kernel.request" to listener "Symfony\Bundle\FrameworkBundle\EventListener\RouterListener::onEarlyKernelRequest". [] []
[2012-10-14 13:46:33] event.DEBUG: Notified event "kernel.request" to listener "Symfony\Bundle\FrameworkBundle\EventListener\SessionListener::onKernelRequest". [] []
[2012-10-14 13:46:33] event.DEBUG: Notified event "kernel.request" to listener "Symfony\Component\Security\Http\Firewall::onKernelRequest". [] []
[2012-10-14 13:46:33] event.DEBUG: Notified event "kernel.request" to listener "Symfony\Bundle\FrameworkBundle\EventListener\RouterListener::onKernelRequest". [] []
[2012-10-14 13:46:33] request.INFO: Matched route "index" (parameters: "_controller": "Bumex\BasicBundle\Controller\IndexController::indexAction", "_route": "index") [] []
[2012-10-14 13:46:33] event.DEBUG: Notified event "kernel.request" to listener "Symfony\Bundle\AsseticBundle\EventListener\RequestListener::onKernelRequest". [] []
[2012-10-14 13:46:33] event.DEBUG: Notified event "kernel.controller" to listener "Symfony\Bundle\FrameworkBundle\DataCollector\RequestDataCollector::onKernelController". [] []
[2012-10-14 13:46:33] event.DEBUG: Notified event "kernel.controller" to listener "Sensio\Bundle\FrameworkExtraBundle\EventListener\ControllerListener::onKernelController". [] []
[2012-10-14 13:46:33] event.DEBUG: Notified event "kernel.controller" to listener "Sensio\Bundle\FrameworkExtraBundle\EventListener\ParamConverterListener::onKernelController". [] []
[2012-10-14 13:46:33] event.DEBUG: Notified event "kernel.controller" to listener "Sensio\Bundle\FrameworkExtraBundle\EventListener\TemplateListener::onKernelController". [] []
[2012-10-14 13:46:33] event.DEBUG: Notified event "kernel.controller" to listener "Acme\DemoBundle\ControllerListener::onKernelController". [] []
[2012-10-14 13:46:33] event.DEBUG: Notified event "kernel.controller" to listener "JMS\SecurityExtraBundle\Controller\ControllerListener::onCoreController". [] []
[2012-10-14 13:46:33] app.INFO: ------------------------------------------------ [] []
[2012-10-14 13:46:33] app.ERROR: +++++++++++++++++++++++++++++++++++++++++++++++++ [] []
[2012-10-14 13:46:33] doctrine.DEBUG: SET NAMES UTF8 ([]) [] []
[2012-10-14 13:46:33] doctrine.DEBUG: SELECT c0_.valor AS valor0 FROM Config c0_ WHERE c0_.clave = ? (["CFGDIR"]) [] []
[2012-10-14 13:46:35] event.DEBUG: Notified event "kernel.response" to listener "Symfony\Component\HttpKernel\EventListener\ResponseListener::onKernelResponse". [] []
[2012-10-14 13:46:35] event.DEBUG: Notified event "kernel.response" to listener "Symfony\Bundle\SecurityBundle\EventListener\ResponseListener::onKernelResponse". [] []
[2012-10-14 13:46:35] event.DEBUG: Notified event "kernel.response" to listener "Symfony\Bridge\Monolog\Handler\FirePHPHandler::onKernelResponse". [] []
[2012-10-14 13:46:35] event.DEBUG: Notified event "kernel.response" to listener "Sensio\Bundle\FrameworkExtraBundle\EventListener\CacheListener::onKernelResponse". [] []
[2012-10-14 13:46:35] event.DEBUG: Notified event "kernel.response" to listener "Symfony\Component\HttpKernel\EventListener\ProfilerListener::onKernelResponse". [] []
[2012-10-14 13:46:35] event.DEBUG: Notified event "kernel.response" to listener "Symfony\Bundle\WebProfilerBundle\EventListener\WebDebugToolbarListener::onKernelResponse". [] []
[2012-10-14 13:46:35] event.DEBUG: Notified event "kernel.request" to listener "Symfony\Component\HttpKernel\EventListener\ProfilerListener::onKernelRequest". [] []
[2012-10-14 13:46:35] event.DEBUG: Notified event "kernel.request" to listener "Symfony\Bundle\FrameworkBundle\EventListener\RouterListener::onEarlyKernelRequest". [] []
[2012-10-14 13:46:35] event.DEBUG: Notified event "kernel.request" to listener "Symfony\Bundle\FrameworkBundle\EventListener\SessionListener::onKernelRequest". [] []
[2012-10-14 13:46:35] event.DEBUG: Notified event "kernel.request" to listener "Symfony\Component\Security\Http\Firewall::onKernelRequest". [] []
[2012-10-14 13:46:35] event.DEBUG: Notified event "kernel.request" to listener "Symfony\Bundle\FrameworkBundle\EventListener\RouterListener::onKernelRequest". [] []
[2012-10-14 13:46:35] request.INFO: Matched route "_wdt" (parameters: "_controller": "Symfony\Bundle\WebProfilerBundle\Controller\ProfilerController::toolbarAction", "token": "507aa61b04ea2", "_route": "_wdt") [] []
[2012-10-14 13:46:35] event.DEBUG: Notified event "kernel.request" to listener "Symfony\Bundle\AsseticBundle\EventListener\RequestListener::onKernelRequest". [] []
[2012-10-14 13:46:35] event.DEBUG: Notified event "kernel.controller" to listener "Symfony\Bundle\FrameworkBundle\DataCollector\RequestDataCollector::onKernelController". [] []
[2012-10-14 13:46:35] event.DEBUG: Notified event "kernel.controller" to listener "Sensio\Bundle\FrameworkExtraBundle\EventListener\ControllerListener::onKernelController". [] []
[2012-10-14 13:46:35] event.DEBUG: Notified event "kernel.controller" to listener "Sensio\Bundle\FrameworkExtraBundle\EventListener\ParamConverterListener::onKernelController". [] []
[2012-10-14 13:46:35] event.DEBUG: Notified event "kernel.controller" to listener "Sensio\Bundle\FrameworkExtraBundle\EventListener\TemplateListener::onKernelController". [] []
[2012-10-14 13:46:35] event.DEBUG: Notified event "kernel.controller" to listener "Acme\DemoBundle\ControllerListener::onKernelController". [] []
[2012-10-14 13:46:35] event.DEBUG: Notified event "kernel.controller" to listener "JMS\SecurityExtraBundle\Controller\ControllerListener::onCoreController". [] []
[2012-10-14 13:46:35] event.DEBUG: Notified event "kernel.response" to listener "Symfony\Component\HttpKernel\EventListener\ResponseListener::onKernelResponse". [] []
[2012-10-14 13:46:35] event.DEBUG: Notified event "kernel.response" to listener "Symfony\Bundle\SecurityBundle\EventListener\ResponseListener::onKernelResponse". [] []
[2012-10-14 13:46:35] event.DEBUG: Notified event "kernel.response" to listener "Symfony\Bridge\Monolog\Handler\FirePHPHandler::onKernelResponse". [] []
[2012-10-14 13:46:35] event.DEBUG: Notified event "kernel.response" to listener "Sensio\Bundle\FrameworkExtraBundle\EventListener\CacheListener::onKernelResponse". [] []
[2012-10-14 13:46:35] event.DEBUG: Notified event "kernel.response" to listener "Symfony\Component\HttpKernel\EventListener\ProfilerListener::onKernelResponse". [] []
[2012-10-14 13:46:35] event.DEBUG: Notified event "kernel.response" to listener "Symfony\Bundle\WebProfilerBundle\EventListener\WebDebugToolbarListener::onKernelResponse". [] []
[2012-10-14 13:46:53] event.DEBUG: Notified event "kernel.request" to listener "Symfony\Component\HttpKernel\EventListener\ProfilerListener::onKernelRequest". [] []
[2012-10-14 13:46:53] event.DEBUG: Notified event "kernel.request" to listener "Symfony\Bundle\FrameworkBundle\EventListener\RouterListener::onEarlyKernelRequest". [] []
[2012-10-14 13:46:53] event.DEBUG: Notified event "kernel.request" to listener "Symfony\Bundle\FrameworkBundle\EventListener\SessionListener::onKernelRequest". [] []
[2012-10-14 13:46:53] event.DEBUG: Notified event "kernel.request" to listener "Symfony\Component\Security\Http\Firewall::onKernelRequest". [] []
[2012-10-14 13:46:53] event.DEBUG: Notified event "kernel.request" to listener "Symfony\Bundle\FrameworkBundle\EventListener\RouterListener::onKernelRequest". [] []
[2012-10-14 13:46:53] request.INFO: Matched route "index" (parameters: "_controller": "Bumex\BasicBundle\Controller\IndexController::indexAction", "_route": "index") [] []
[2012-10-14 13:46:53] event.DEBUG: Notified event "kernel.request" to listener "Symfony\Bundle\AsseticBundle\EventListener\RequestListener::onKernelRequest". [] []
[2012-10-14 13:46:53] event.DEBUG: Notified event "kernel.controller" to listener "Symfony\Bundle\FrameworkBundle\DataCollector\RequestDataCollector::onKernelController". [] []
[2012-10-14 13:46:53] event.DEBUG: Notified event "kernel.controller" to listener "Sensio\Bundle\FrameworkExtraBundle\EventListener\ControllerListener::onKernelController". [] []
[2012-10-14 13:46:53] event.DEBUG: Notified event "kernel.controller" to listener "Sensio\Bundle\FrameworkExtraBundle\EventListener\ParamConverterListener::onKernelController". [] []
[2012-10-14 13:46:53] event.DEBUG: Notified event "kernel.controller" to listener "Sensio\Bundle\FrameworkExtraBundle\EventListener\TemplateListener::onKernelController". [] []
[2012-10-14 13:46:53] event.DEBUG: Notified event "kernel.controller" to listener "Acme\DemoBundle\ControllerListener::onKernelController". [] []
[2012-10-14 13:46:53] event.DEBUG: Notified event "kernel.controller" to listener "JMS\SecurityExtraBundle\Controller\ControllerListener::onCoreController". [] []
[2012-10-14 13:46:53] app.INFO: ------------------------------------------------ [] []
[2012-10-14 13:46:53] app.ERROR: +++++++++++++++++++++++++++++++++++++++++++++++++ [] []
[2012-10-14 13:46:53] doctrine.DEBUG: SET NAMES UTF8 ([]) [] []
[2012-10-14 13:46:53] doctrine.DEBUG: SELECT c0_.valor AS valor0 FROM Config c0_ WHERE c0_.clave = ? (["CFGDIR"]) [] []
[2012-10-14 13:46:54] event.DEBUG: Notified event "kernel.response" to listener "Symfony\Component\HttpKernel\EventListener\ResponseListener::onKernelResponse". [] []
[2012-10-14 13:46:54] event.DEBUG: Notified event "kernel.response" to listener "Symfony\Bundle\SecurityBundle\EventListener\ResponseListener::onKernelResponse". [] []
[2012-10-14 13:46:54] event.DEBUG: Notified event "kernel.response" to listener "Symfony\Bridge\Monolog\Handler\FirePHPHandler::onKernelResponse". [] []
[2012-10-14 13:46:54] event.DEBUG: Notified event "kernel.response" to listener "Sensio\Bundle\FrameworkExtraBundle\EventListener\CacheListener::onKernelResponse". [] []
[2012-10-14 13:46:54] event.DEBUG: Notified event "kernel.response" to listener "Symfony\Component\HttpKernel\EventListener\ProfilerListener::onKernelResponse". [] []
[2012-10-14 13:46:54] event.DEBUG: Notified event "kernel.response" to listener "Symfony\Bundle\WebProfilerBundle\EventListener\WebDebugToolbarListener::onKernelResponse". [] []
[2012-10-14 13:46:55] event.DEBUG: Notified event "kernel.request" to listener "Symfony\Component\HttpKernel\EventListener\ProfilerListener::onKernelRequest". [] []
[2012-10-14 13:46:55] event.DEBUG: Notified event "kernel.request" to listener "Symfony\Bundle\FrameworkBundle\EventListener\RouterListener::onEarlyKernelRequest". [] []
[2012-10-14 13:46:55] event.DEBUG: Notified event "kernel.request" to listener "Symfony\Bundle\FrameworkBundle\EventListener\SessionListener::onKernelRequest". [] []
[2012-10-14 13:46:55] event.DEBUG: Notified event "kernel.request" to listener "Symfony\Component\Security\Http\Firewall::onKernelRequest". [] []
[2012-10-14 13:46:55] event.DEBUG: Notified event "kernel.request" to listener "Symfony\Bundle\FrameworkBundle\EventListener\RouterListener::onKernelRequest". [] []
[2012-10-14 13:46:55] request.INFO: Matched route "_wdt" (parameters: "_controller": "Symfony\Bundle\WebProfilerBundle\Controller\ProfilerController::toolbarAction", "token": "507aa62ec3e3f", "_route": "_wdt") [] []
[2012-10-14 13:46:55] event.DEBUG: Notified event "kernel.request" to listener "Symfony\Bundle\AsseticBundle\EventListener\RequestListener::onKernelRequest". [] []
[2012-10-14 13:46:55] event.DEBUG: Notified event "kernel.controller" to listener "Symfony\Bundle\FrameworkBundle\DataCollector\RequestDataCollector::onKernelController". [] []
[2012-10-14 13:46:55] event.DEBUG: Notified event "kernel.controller" to listener "Sensio\Bundle\FrameworkExtraBundle\EventListener\ControllerListener::onKernelController". [] []
[2012-10-14 13:46:55] event.DEBUG: Notified event "kernel.controller" to listener "Sensio\Bundle\FrameworkExtraBundle\EventListener\ParamConverterListener::onKernelController". [] []
[2012-10-14 13:46:55] event.DEBUG: Notified event "kernel.controller" to listener "Sensio\Bundle\FrameworkExtraBundle\EventListener\TemplateListener::onKernelController". [] []
[2012-10-14 13:46:55] event.DEBUG: Notified event "kernel.controller" to listener "Acme\DemoBundle\ControllerListener::onKernelController". [] []
[2012-10-14 13:46:55] event.DEBUG: Notified event "kernel.controller" to listener "JMS\SecurityExtraBundle\Controller\ControllerListener::onCoreController". [] []
[2012-10-14 13:46:55] event.DEBUG: Notified event "kernel.response" to listener "Symfony\Component\HttpKernel\EventListener\ResponseListener::onKernelResponse". [] []
[2012-10-14 13:46:55] event.DEBUG: Notified event "kernel.response" to listener "Symfony\Bundle\SecurityBundle\EventListener\ResponseListener::onKernelResponse". [] []
[2012-10-14 13:46:55] event.DEBUG: Notified event "kernel.response" to listener "Symfony\Bridge\Monolog\Handler\FirePHPHandler::onKernelResponse". [] []
[2012-10-14 13:46:55] event.DEBUG: Notified event "kernel.response" to listener "Sensio\Bundle\FrameworkExtraBundle\EventListener\CacheListener::onKernelResponse". [] []
[2012-10-14 13:46:55] event.DEBUG: Notified event "kernel.response" to listener "Symfony\Component\HttpKernel\EventListener\ProfilerListener::onKernelResponse". [] []
[2012-10-14 13:46:55] event.DEBUG: Notified event "kernel.response" to listener "Symfony\Bundle\WebProfilerBundle\EventListener\WebDebugToolbarListener::onKernelResponse". [] []
