[2012-09-24 13:37:51] request.ERROR: Symfony\Component\HttpKernel\Exception\NotFoundHttpException: No route found for "GET /app_deb.php/index" (uncaught exception) at /var/www/html/bumex/vendor/symfony/src/Symfony/Bundle/FrameworkBundle/EventListener/RouterListener.php line 83 [] []
[2012-10-05 17:12:53] event.DEBUG: Notified event "kernel.request" to listener "Symfony\Bundle\FrameworkBundle\EventListener\RouterListener::onEarlyKernelRequest". [] []
[2012-10-05 17:12:53] event.DEBUG: Notified event "kernel.request" to listener "Symfony\Bundle\FrameworkBundle\EventListener\SessionListener::onKernelRequest". [] []
[2012-10-05 17:12:53] event.DEBUG: Notified event "kernel.request" to listener "Symfony\Component\Security\Http\Firewall::onKernelRequest". [] []
[2012-10-05 17:12:53] event.DEBUG: Notified event "kernel.request" to listener "Symfony\Bundle\FrameworkBundle\EventListener\RouterListener::onKernelRequest". [] []
[2012-10-05 17:12:53] request.INFO: Matched route "expedientes" (parameters: "_controller": "Bumex\BasicBundle\Controller\IndexController::expedientesAction", "_route": "expedientes") [] []
[2012-10-05 17:12:53] event.DEBUG: Notified event "kernel.controller" to listener "Sensio\Bundle\FrameworkExtraBundle\EventListener\ControllerListener::onKernelController". [] []
[2012-10-05 17:12:53] event.DEBUG: Notified event "kernel.controller" to listener "Sensio\Bundle\FrameworkExtraBundle\EventListener\ParamConverterListener::onKernelController". [] []
[2012-10-05 17:12:53] event.DEBUG: Notified event "kernel.controller" to listener "Sensio\Bundle\FrameworkExtraBundle\EventListener\TemplateListener::onKernelController". [] []
[2012-10-05 17:12:53] event.DEBUG: Notified event "kernel.controller" to listener "JMS\SecurityExtraBundle\Controller\ControllerListener::onCoreController". [] []
[2012-10-05 17:12:53] event.DEBUG: Notified event "kernel.exception" to listener "Symfony\Component\HttpKernel\EventListener\ExceptionListener::onKernelException". [] []
[2012-10-05 17:12:53] request.CRITICAL: Symfony\Component\HttpFoundation\File\Exception\FileException: Unable to create the "" directory (uncaught exception) at /var/www/html/bumex/vendor/symfony/src/Symfony/Component/HttpFoundation/File/File.php line 529 [] []
[2012-10-05 17:12:53] event.DEBUG: Notified event "kernel.request" to listener "Symfony\Bundle\FrameworkBundle\EventListener\RouterListener::onEarlyKernelRequest". [] []
[2012-10-05 17:12:53] event.DEBUG: Notified event "kernel.request" to listener "Symfony\Bundle\FrameworkBundle\EventListener\SessionListener::onKernelRequest". [] []
[2012-10-05 17:12:53] event.DEBUG: Notified event "kernel.request" to listener "Symfony\Component\Security\Http\Firewall::onKernelRequest". [] []
[2012-10-05 17:12:53] event.DEBUG: Notified event "kernel.request" to listener "Symfony\Bundle\FrameworkBundle\EventListener\RouterListener::onKernelRequest". [] []
[2012-10-05 17:12:53] event.DEBUG: Notified event "kernel.controller" to listener "Sensio\Bundle\FrameworkExtraBundle\EventListener\ControllerListener::onKernelController". [] []
[2012-10-05 17:12:53] event.DEBUG: Notified event "kernel.controller" to listener "Sensio\Bundle\FrameworkExtraBundle\EventListener\ParamConverterListener::onKernelController". [] []
[2012-10-05 17:12:53] event.DEBUG: Notified event "kernel.controller" to listener "Sensio\Bundle\FrameworkExtraBundle\EventListener\TemplateListener::onKernelController". [] []
[2012-10-05 17:12:53] event.DEBUG: Notified event "kernel.controller" to listener "JMS\SecurityExtraBundle\Controller\ControllerListener::onCoreController". [] []
[2012-10-05 17:12:54] event.DEBUG: Notified event "kernel.response" to listener "Symfony\Component\HttpKernel\EventListener\ResponseListener::onKernelResponse". [] []
[2012-10-05 17:12:54] event.DEBUG: Notified event "kernel.response" to listener "Symfony\Bundle\SecurityBundle\EventListener\ResponseListener::onKernelResponse". [] []
[2012-10-05 17:12:54] event.DEBUG: Notified event "kernel.response" to listener "Sensio\Bundle\FrameworkExtraBundle\EventListener\CacheListener::onKernelResponse". [] []
[2012-10-05 17:12:54] event.DEBUG: Listener "Symfony\Component\HttpKernel\EventListener\ExceptionListener::onKernelException" stopped propagation of the event "kernel.exception". [] []
[2012-10-05 17:12:54] event.DEBUG: Notified event "kernel.response" to listener "Symfony\Component\HttpKernel\EventListener\ResponseListener::onKernelResponse". [] []
[2012-10-05 17:12:54] event.DEBUG: Notified event "kernel.response" to listener "Symfony\Bundle\SecurityBundle\EventListener\ResponseListener::onKernelResponse". [] []
[2012-10-05 17:12:54] event.DEBUG: Notified event "kernel.response" to listener "Sensio\Bundle\FrameworkExtraBundle\EventListener\CacheListener::onKernelResponse". [] []
[2012-10-05 17:15:06] event.DEBUG: Notified event "kernel.request" to listener "Symfony\Bundle\FrameworkBundle\EventListener\RouterListener::onEarlyKernelRequest". [] []
[2012-10-05 17:15:06] event.DEBUG: Notified event "kernel.request" to listener "Symfony\Bundle\FrameworkBundle\EventListener\SessionListener::onKernelRequest". [] []
[2012-10-05 17:15:06] event.DEBUG: Notified event "kernel.request" to listener "Symfony\Component\Security\Http\Firewall::onKernelRequest". [] []
[2012-10-05 17:15:06] event.DEBUG: Notified event "kernel.request" to listener "Symfony\Bundle\FrameworkBundle\EventListener\RouterListener::onKernelRequest". [] []
[2012-10-05 17:15:06] request.INFO: Matched route "expedientes" (parameters: "_controller": "Bumex\BasicBundle\Controller\IndexController::expedientesAction", "_route": "expedientes") [] []
[2012-10-05 17:15:06] event.DEBUG: Notified event "kernel.controller" to listener "Sensio\Bundle\FrameworkExtraBundle\EventListener\ControllerListener::onKernelController". [] []
[2012-10-05 17:15:06] event.DEBUG: Notified event "kernel.controller" to listener "Sensio\Bundle\FrameworkExtraBundle\EventListener\ParamConverterListener::onKernelController". [] []
[2012-10-05 17:15:06] event.DEBUG: Notified event "kernel.controller" to listener "Sensio\Bundle\FrameworkExtraBundle\EventListener\TemplateListener::onKernelController". [] []
[2012-10-05 17:15:06] event.DEBUG: Notified event "kernel.controller" to listener "JMS\SecurityExtraBundle\Controller\ControllerListener::onCoreController". [] []
[2012-10-05 17:15:06] event.DEBUG: Notified event "kernel.exception" to listener "Symfony\Component\HttpKernel\EventListener\ExceptionListener::onKernelException". [] []
[2012-10-05 17:15:06] request.CRITICAL: Symfony\Component\HttpFoundation\File\Exception\FileException: Unable to create the "" directory (uncaught exception) at /var/www/html/bumex/vendor/symfony/src/Symfony/Component/HttpFoundation/File/File.php line 529 [] []
[2012-10-05 17:15:06] event.DEBUG: Notified event "kernel.request" to listener "Symfony\Bundle\FrameworkBundle\EventListener\RouterListener::onEarlyKernelRequest". [] []
[2012-10-05 17:15:06] event.DEBUG: Notified event "kernel.request" to listener "Symfony\Bundle\FrameworkBundle\EventListener\SessionListener::onKernelRequest". [] []
[2012-10-05 17:15:06] event.DEBUG: Notified event "kernel.request" to listener "Symfony\Component\Security\Http\Firewall::onKernelRequest". [] []
[2012-10-05 17:15:06] event.DEBUG: Notified event "kernel.request" to listener "Symfony\Bundle\FrameworkBundle\EventListener\RouterListener::onKernelRequest". [] []
[2012-10-05 17:15:06] event.DEBUG: Notified event "kernel.controller" to listener "Sensio\Bundle\FrameworkExtraBundle\EventListener\ControllerListener::onKernelController". [] []
[2012-10-05 17:15:06] event.DEBUG: Notified event "kernel.controller" to listener "Sensio\Bundle\FrameworkExtraBundle\EventListener\ParamConverterListener::onKernelController". [] []
[2012-10-05 17:15:06] event.DEBUG: Notified event "kernel.controller" to listener "Sensio\Bundle\FrameworkExtraBundle\EventListener\TemplateListener::onKernelController". [] []
[2012-10-05 17:15:06] event.DEBUG: Notified event "kernel.controller" to listener "JMS\SecurityExtraBundle\Controller\ControllerListener::onCoreController". [] []
[2012-10-05 17:15:07] event.DEBUG: Notified event "kernel.response" to listener "Symfony\Component\HttpKernel\EventListener\ResponseListener::onKernelResponse". [] []
[2012-10-05 17:15:07] event.DEBUG: Notified event "kernel.response" to listener "Symfony\Bundle\SecurityBundle\EventListener\ResponseListener::onKernelResponse". [] []
[2012-10-05 17:15:07] event.DEBUG: Notified event "kernel.response" to listener "Sensio\Bundle\FrameworkExtraBundle\EventListener\CacheListener::onKernelResponse". [] []
[2012-10-05 17:15:07] event.DEBUG: Listener "Symfony\Component\HttpKernel\EventListener\ExceptionListener::onKernelException" stopped propagation of the event "kernel.exception". [] []
[2012-10-05 17:15:07] event.DEBUG: Notified event "kernel.response" to listener "Symfony\Component\HttpKernel\EventListener\ResponseListener::onKernelResponse". [] []
[2012-10-05 17:15:07] event.DEBUG: Notified event "kernel.response" to listener "Symfony\Bundle\SecurityBundle\EventListener\ResponseListener::onKernelResponse". [] []
[2012-10-05 17:15:07] event.DEBUG: Notified event "kernel.response" to listener "Sensio\Bundle\FrameworkExtraBundle\EventListener\CacheListener::onKernelResponse". [] []
[2012-10-05 17:28:59] event.DEBUG: Notified event "kernel.request" to listener "Symfony\Bundle\FrameworkBundle\EventListener\RouterListener::onEarlyKernelRequest". [] []
[2012-10-05 17:28:59] event.DEBUG: Notified event "kernel.request" to listener "Symfony\Bundle\FrameworkBundle\EventListener\SessionListener::onKernelRequest". [] []
[2012-10-05 17:28:59] event.DEBUG: Notified event "kernel.request" to listener "Symfony\Component\Security\Http\Firewall::onKernelRequest". [] []
[2012-10-05 17:28:59] event.DEBUG: Notified event "kernel.request" to listener "Symfony\Bundle\FrameworkBundle\EventListener\RouterListener::onKernelRequest". [] []
[2012-10-05 17:28:59] request.INFO: Matched route "expedientes" (parameters: "_controller": "Bumex\BasicBundle\Controller\IndexController::expedientesAction", "_route": "expedientes") [] []
[2012-10-05 17:28:59] event.DEBUG: Notified event "kernel.controller" to listener "Sensio\Bundle\FrameworkExtraBundle\EventListener\ControllerListener::onKernelController". [] []
[2012-10-05 17:28:59] event.DEBUG: Notified event "kernel.controller" to listener "Sensio\Bundle\FrameworkExtraBundle\EventListener\ParamConverterListener::onKernelController". [] []
[2012-10-05 17:28:59] event.DEBUG: Notified event "kernel.controller" to listener "Sensio\Bundle\FrameworkExtraBundle\EventListener\TemplateListener::onKernelController". [] []
[2012-10-05 17:28:59] event.DEBUG: Notified event "kernel.controller" to listener "JMS\SecurityExtraBundle\Controller\ControllerListener::onCoreController". [] []
[2012-10-05 17:28:59] event.DEBUG: Notified event "kernel.exception" to listener "Symfony\Component\HttpKernel\EventListener\ExceptionListener::onKernelException". [] []
[2012-10-05 17:28:59] request.CRITICAL: Symfony\Component\HttpFoundation\File\Exception\FileException: Unable to create the "" directory (uncaught exception) at /var/www/html/bumex/vendor/symfony/src/Symfony/Component/HttpFoundation/File/File.php line 529 [] []
[2012-10-05 17:28:59] event.DEBUG: Notified event "kernel.request" to listener "Symfony\Bundle\FrameworkBundle\EventListener\RouterListener::onEarlyKernelRequest". [] []
[2012-10-05 17:28:59] event.DEBUG: Notified event "kernel.request" to listener "Symfony\Bundle\FrameworkBundle\EventListener\SessionListener::onKernelRequest". [] []
[2012-10-05 17:28:59] event.DEBUG: Notified event "kernel.request" to listener "Symfony\Component\Security\Http\Firewall::onKernelRequest". [] []
[2012-10-05 17:28:59] event.DEBUG: Notified event "kernel.request" to listener "Symfony\Bundle\FrameworkBundle\EventListener\RouterListener::onKernelRequest". [] []
[2012-10-05 17:28:59] event.DEBUG: Notified event "kernel.controller" to listener "Sensio\Bundle\FrameworkExtraBundle\EventListener\ControllerListener::onKernelController". [] []
[2012-10-05 17:28:59] event.DEBUG: Notified event "kernel.controller" to listener "Sensio\Bundle\FrameworkExtraBundle\EventListener\ParamConverterListener::onKernelController". [] []
[2012-10-05 17:28:59] event.DEBUG: Notified event "kernel.controller" to listener "Sensio\Bundle\FrameworkExtraBundle\EventListener\TemplateListener::onKernelController". [] []
[2012-10-05 17:28:59] event.DEBUG: Notified event "kernel.controller" to listener "JMS\SecurityExtraBundle\Controller\ControllerListener::onCoreController". [] []
[2012-10-05 17:28:59] event.DEBUG: Notified event "kernel.response" to listener "Symfony\Component\HttpKernel\EventListener\ResponseListener::onKernelResponse". [] []
[2012-10-05 17:28:59] event.DEBUG: Notified event "kernel.response" to listener "Symfony\Bundle\SecurityBundle\EventListener\ResponseListener::onKernelResponse". [] []
[2012-10-05 17:28:59] event.DEBUG: Notified event "kernel.response" to listener "Sensio\Bundle\FrameworkExtraBundle\EventListener\CacheListener::onKernelResponse". [] []
[2012-10-05 17:28:59] event.DEBUG: Listener "Symfony\Component\HttpKernel\EventListener\ExceptionListener::onKernelException" stopped propagation of the event "kernel.exception". [] []
[2012-10-05 17:28:59] event.DEBUG: Notified event "kernel.response" to listener "Symfony\Component\HttpKernel\EventListener\ResponseListener::onKernelResponse". [] []
[2012-10-05 17:28:59] event.DEBUG: Notified event "kernel.response" to listener "Symfony\Bundle\SecurityBundle\EventListener\ResponseListener::onKernelResponse". [] []
[2012-10-05 17:28:59] event.DEBUG: Notified event "kernel.response" to listener "Sensio\Bundle\FrameworkExtraBundle\EventListener\CacheListener::onKernelResponse". [] []
[2012-10-05 17:30:03] event.DEBUG: Notified event "kernel.request" to listener "Symfony\Bundle\FrameworkBundle\EventListener\RouterListener::onEarlyKernelRequest". [] []
[2012-10-05 17:30:03] event.DEBUG: Notified event "kernel.request" to listener "Symfony\Bundle\FrameworkBundle\EventListener\SessionListener::onKernelRequest". [] []
[2012-10-05 17:30:03] event.DEBUG: Notified event "kernel.request" to listener "Symfony\Component\Security\Http\Firewall::onKernelRequest". [] []
[2012-10-05 17:30:03] event.DEBUG: Notified event "kernel.request" to listener "Symfony\Bundle\FrameworkBundle\EventListener\RouterListener::onKernelRequest". [] []
[2012-10-05 17:30:03] request.INFO: Matched route "expedientes" (parameters: "_controller": "Bumex\BasicBundle\Controller\IndexController::expedientesAction", "_route": "expedientes") [] []
[2012-10-05 17:30:03] event.DEBUG: Notified event "kernel.controller" to listener "Sensio\Bundle\FrameworkExtraBundle\EventListener\ControllerListener::onKernelController". [] []
[2012-10-05 17:30:03] event.DEBUG: Notified event "kernel.controller" to listener "Sensio\Bundle\FrameworkExtraBundle\EventListener\ParamConverterListener::onKernelController". [] []
[2012-10-05 17:30:03] event.DEBUG: Notified event "kernel.controller" to listener "Sensio\Bundle\FrameworkExtraBundle\EventListener\TemplateListener::onKernelController". [] []
[2012-10-05 17:30:03] event.DEBUG: Notified event "kernel.controller" to listener "JMS\SecurityExtraBundle\Controller\ControllerListener::onCoreController". [] []
[2012-10-05 17:30:03] event.DEBUG: Notified event "kernel.exception" to listener "Symfony\Component\HttpKernel\EventListener\ExceptionListener::onKernelException". [] []
[2012-10-05 17:30:03] request.CRITICAL: Symfony\Component\HttpFoundation\File\Exception\FileException: Unable to create the "" directory (uncaught exception) at /var/www/html/bumex/vendor/symfony/src/Symfony/Component/HttpFoundation/File/File.php line 529 [] []
[2012-10-05 17:30:03] event.DEBUG: Notified event "kernel.request" to listener "Symfony\Bundle\FrameworkBundle\EventListener\RouterListener::onEarlyKernelRequest". [] []
[2012-10-05 17:30:03] event.DEBUG: Notified event "kernel.request" to listener "Symfony\Bundle\FrameworkBundle\EventListener\SessionListener::onKernelRequest". [] []
[2012-10-05 17:30:03] event.DEBUG: Notified event "kernel.request" to listener "Symfony\Component\Security\Http\Firewall::onKernelRequest". [] []
[2012-10-05 17:30:03] event.DEBUG: Notified event "kernel.request" to listener "Symfony\Bundle\FrameworkBundle\EventListener\RouterListener::onKernelRequest". [] []
[2012-10-05 17:30:03] event.DEBUG: Notified event "kernel.controller" to listener "Sensio\Bundle\FrameworkExtraBundle\EventListener\ControllerListener::onKernelController". [] []
[2012-10-05 17:30:03] event.DEBUG: Notified event "kernel.controller" to listener "Sensio\Bundle\FrameworkExtraBundle\EventListener\ParamConverterListener::onKernelController". [] []
[2012-10-05 17:30:03] event.DEBUG: Notified event "kernel.controller" to listener "Sensio\Bundle\FrameworkExtraBundle\EventListener\TemplateListener::onKernelController". [] []
[2012-10-05 17:30:03] event.DEBUG: Notified event "kernel.controller" to listener "JMS\SecurityExtraBundle\Controller\ControllerListener::onCoreController". [] []
[2012-10-05 17:30:04] event.DEBUG: Notified event "kernel.response" to listener "Symfony\Component\HttpKernel\EventListener\ResponseListener::onKernelResponse". [] []
[2012-10-05 17:30:04] event.DEBUG: Notified event "kernel.response" to listener "Symfony\Bundle\SecurityBundle\EventListener\ResponseListener::onKernelResponse". [] []
[2012-10-05 17:30:04] event.DEBUG: Notified event "kernel.response" to listener "Sensio\Bundle\FrameworkExtraBundle\EventListener\CacheListener::onKernelResponse". [] []
[2012-10-05 17:30:04] event.DEBUG: Listener "Symfony\Component\HttpKernel\EventListener\ExceptionListener::onKernelException" stopped propagation of the event "kernel.exception". [] []
[2012-10-05 17:30:04] event.DEBUG: Notified event "kernel.response" to listener "Symfony\Component\HttpKernel\EventListener\ResponseListener::onKernelResponse". [] []
[2012-10-05 17:30:04] event.DEBUG: Notified event "kernel.response" to listener "Symfony\Bundle\SecurityBundle\EventListener\ResponseListener::onKernelResponse". [] []
[2012-10-05 17:30:04] event.DEBUG: Notified event "kernel.response" to listener "Sensio\Bundle\FrameworkExtraBundle\EventListener\CacheListener::onKernelResponse". [] []
[2012-10-05 17:31:26] event.DEBUG: Notified event "kernel.request" to listener "Symfony\Bundle\FrameworkBundle\EventListener\RouterListener::onEarlyKernelRequest". [] []
[2012-10-05 17:31:26] event.DEBUG: Notified event "kernel.request" to listener "Symfony\Bundle\FrameworkBundle\EventListener\SessionListener::onKernelRequest". [] []
[2012-10-05 17:31:26] event.DEBUG: Notified event "kernel.request" to listener "Symfony\Component\Security\Http\Firewall::onKernelRequest". [] []
[2012-10-05 17:31:26] event.DEBUG: Notified event "kernel.request" to listener "Symfony\Bundle\FrameworkBundle\EventListener\RouterListener::onKernelRequest". [] []
[2012-10-05 17:31:26] request.INFO: Matched route "expedientes" (parameters: "_controller": "Bumex\BasicBundle\Controller\IndexController::expedientesAction", "_route": "expedientes") [] []
[2012-10-05 17:31:26] event.DEBUG: Notified event "kernel.controller" to listener "Sensio\Bundle\FrameworkExtraBundle\EventListener\ControllerListener::onKernelController". [] []
[2012-10-05 17:31:26] event.DEBUG: Notified event "kernel.controller" to listener "Sensio\Bundle\FrameworkExtraBundle\EventListener\ParamConverterListener::onKernelController". [] []
[2012-10-05 17:31:26] event.DEBUG: Notified event "kernel.controller" to listener "Sensio\Bundle\FrameworkExtraBundle\EventListener\TemplateListener::onKernelController". [] []
[2012-10-05 17:31:26] event.DEBUG: Notified event "kernel.controller" to listener "JMS\SecurityExtraBundle\Controller\ControllerListener::onCoreController". [] []
[2012-10-05 17:31:26] event.DEBUG: Notified event "kernel.exception" to listener "Symfony\Component\HttpKernel\EventListener\ExceptionListener::onKernelException". [] []
[2012-10-05 17:31:26] request.CRITICAL: Symfony\Component\HttpFoundation\File\Exception\FileException: Unable to create the "" directory (uncaught exception) at /var/www/html/bumex/vendor/symfony/src/Symfony/Component/HttpFoundation/File/File.php line 529 [] []
[2012-10-05 17:31:26] event.DEBUG: Notified event "kernel.request" to listener "Symfony\Bundle\FrameworkBundle\EventListener\RouterListener::onEarlyKernelRequest". [] []
[2012-10-05 17:31:26] event.DEBUG: Notified event "kernel.request" to listener "Symfony\Bundle\FrameworkBundle\EventListener\SessionListener::onKernelRequest". [] []
[2012-10-05 17:31:26] event.DEBUG: Notified event "kernel.request" to listener "Symfony\Component\Security\Http\Firewall::onKernelRequest". [] []
[2012-10-05 17:31:26] event.DEBUG: Notified event "kernel.request" to listener "Symfony\Bundle\FrameworkBundle\EventListener\RouterListener::onKernelRequest". [] []
[2012-10-05 17:31:26] event.DEBUG: Notified event "kernel.controller" to listener "Sensio\Bundle\FrameworkExtraBundle\EventListener\ControllerListener::onKernelController". [] []
[2012-10-05 17:31:26] event.DEBUG: Notified event "kernel.controller" to listener "Sensio\Bundle\FrameworkExtraBundle\EventListener\ParamConverterListener::onKernelController". [] []
[2012-10-05 17:31:26] event.DEBUG: Notified event "kernel.controller" to listener "Sensio\Bundle\FrameworkExtraBundle\EventListener\TemplateListener::onKernelController". [] []
[2012-10-05 17:31:26] event.DEBUG: Notified event "kernel.controller" to listener "JMS\SecurityExtraBundle\Controller\ControllerListener::onCoreController". [] []
[2012-10-05 17:31:26] event.DEBUG: Notified event "kernel.response" to listener "Symfony\Component\HttpKernel\EventListener\ResponseListener::onKernelResponse". [] []
[2012-10-05 17:31:26] event.DEBUG: Notified event "kernel.response" to listener "Symfony\Bundle\SecurityBundle\EventListener\ResponseListener::onKernelResponse". [] []
[2012-10-05 17:31:26] event.DEBUG: Notified event "kernel.response" to listener "Sensio\Bundle\FrameworkExtraBundle\EventListener\CacheListener::onKernelResponse". [] []
[2012-10-05 17:31:26] event.DEBUG: Listener "Symfony\Component\HttpKernel\EventListener\ExceptionListener::onKernelException" stopped propagation of the event "kernel.exception". [] []
[2012-10-05 17:31:26] event.DEBUG: Notified event "kernel.response" to listener "Symfony\Component\HttpKernel\EventListener\ResponseListener::onKernelResponse". [] []
[2012-10-05 17:31:26] event.DEBUG: Notified event "kernel.response" to listener "Symfony\Bundle\SecurityBundle\EventListener\ResponseListener::onKernelResponse". [] []
[2012-10-05 17:31:26] event.DEBUG: Notified event "kernel.response" to listener "Sensio\Bundle\FrameworkExtraBundle\EventListener\CacheListener::onKernelResponse". [] []
[2012-10-06 09:03:35] event.DEBUG: Notified event "kernel.request" to listener "Symfony\Bundle\FrameworkBundle\EventListener\RouterListener::onEarlyKernelRequest". [] []
[2012-10-06 09:03:35] event.DEBUG: Notified event "kernel.request" to listener "Symfony\Bundle\FrameworkBundle\EventListener\SessionListener::onKernelRequest". [] []
[2012-10-06 09:03:35] event.DEBUG: Notified event "kernel.request" to listener "Symfony\Component\Security\Http\Firewall::onKernelRequest". [] []
[2012-10-06 09:03:35] event.DEBUG: Notified event "kernel.request" to listener "Symfony\Bundle\FrameworkBundle\EventListener\RouterListener::onKernelRequest". [] []
[2012-10-06 09:03:35] request.INFO: Matched route "expedientes" (parameters: "_controller": "Bumex\BasicBundle\Controller\IndexController::expedientesAction", "_route": "expedientes") [] []
[2012-10-06 09:03:35] event.DEBUG: Notified event "kernel.controller" to listener "Sensio\Bundle\FrameworkExtraBundle\EventListener\ControllerListener::onKernelController". [] []
[2012-10-06 09:03:35] event.DEBUG: Notified event "kernel.controller" to listener "Sensio\Bundle\FrameworkExtraBundle\EventListener\ParamConverterListener::onKernelController". [] []
[2012-10-06 09:03:35] event.DEBUG: Notified event "kernel.controller" to listener "Sensio\Bundle\FrameworkExtraBundle\EventListener\TemplateListener::onKernelController". [] []
[2012-10-06 09:03:35] event.DEBUG: Notified event "kernel.controller" to listener "JMS\SecurityExtraBundle\Controller\ControllerListener::onCoreController". [] []
[2012-10-06 09:03:35] doctrine.DEBUG: SET NAMES UTF8 ([]) [] []
[2012-10-06 09:03:35] doctrine.DEBUG: SELECT c0_.valor AS valor0 FROM Config c0_ WHERE c0_.clave = ? (["CFGDIR"]) [] []
[2012-10-06 09:03:37] doctrine.DEBUG: SELECT t0.id AS id1, t0.href AS href2, t0.fecha AS fecha3, t0.provincia AS provincia4 FROM Href t0 ([]) [] []
[2012-10-06 09:03:38] doctrine.DEBUG: SELECT e0_.id AS id0, e0_.expediente AS expediente1, e0_.nombre AS nombre2, e0_.nif AS nif3, e0_.localidad AS localidad4, e0_.fecha AS fecha5, e0_.matricula AS matricula6, e0_.euros AS euros7, e0_.precepto AS precepto8, e0_.art AS art9, e0_.puntos AS puntos10, e0_.req AS req11, e0_.coincidencia AS coincidencia12, e0_.tlf AS tlf13, e0_.edicto_id AS edicto_id14 FROM Expediente e0_ WHERE e0_.nif LIKE ? OR e0_.matricula LIKE ? (["0000BKW","0000BKW"]) [] []
[2012-10-06 09:03:38] doctrine.DEBUG: SELECT e0_.id AS id0, e0_.expediente AS expediente1, e0_.nombre AS nombre2, e0_.nif AS nif3, e0_.localidad AS localidad4, e0_.fecha AS fecha5, e0_.matricula AS matricula6, e0_.euros AS euros7, e0_.precepto AS precepto8, e0_.art AS art9, e0_.puntos AS puntos10, e0_.req AS req11, e0_.coincidencia AS coincidencia12, e0_.tlf AS tlf13, e0_.edicto_id AS edicto_id14 FROM Expediente e0_ WHERE e0_.nif LIKE ? OR e0_.matricula LIKE ? (["M2245WD","M2245WD"]) [] []
[2012-10-06 09:03:38] doctrine.DEBUG: SELECT e0_.id AS id0, e0_.expediente AS expediente1, e0_.nombre AS nombre2, e0_.nif AS nif3, e0_.localidad AS localidad4, e0_.fecha AS fecha5, e0_.matricula AS matricula6, e0_.euros AS euros7, e0_.precepto AS precepto8, e0_.art AS art9, e0_.puntos AS puntos10, e0_.req AS req11, e0_.coincidencia AS coincidencia12, e0_.tlf AS tlf13, e0_.edicto_id AS edicto_id14 FROM Expediente e0_ WHERE e0_.nif LIKE ? OR e0_.matricula LIKE ? (["0002FSD","0002FSD"]) [] []
[2012-10-06 09:03:38] doctrine.DEBUG: SELECT e0_.id AS id0, e0_.expediente AS expediente1, e0_.nombre AS nombre2, e0_.nif AS nif3, e0_.localidad AS localidad4, e0_.fecha AS fecha5, e0_.matricula AS matricula6, e0_.euros AS euros7, e0_.precepto AS precepto8, e0_.art AS art9, e0_.puntos AS puntos10, e0_.req AS req11, e0_.coincidencia AS coincidencia12, e0_.tlf AS tlf13, e0_.edicto_id AS edicto_id14 FROM Expediente e0_ WHERE e0_.nif LIKE ? OR e0_.matricula LIKE ? (["0003FGT","0003FGT"]) [] []
[2012-10-06 09:03:38] doctrine.DEBUG: SELECT e0_.id AS id0, e0_.expediente AS expediente1, e0_.nombre AS nombre2, e0_.nif AS nif3, e0_.localidad AS localidad4, e0_.fecha AS fecha5, e0_.matricula AS matricula6, e0_.euros AS euros7, e0_.precepto AS precepto8, e0_.art AS art9, e0_.puntos AS puntos10, e0_.req AS req11, e0_.coincidencia AS coincidencia12, e0_.tlf AS tlf13, e0_.edicto_id AS edicto_id14 FROM Expediente e0_ WHERE e0_.nif LIKE ? OR e0_.matricula LIKE ? (["0004FRN","0004FRN"]) [] []
[2012-10-06 09:03:38] doctrine.DEBUG: SELECT e0_.id AS id0, e0_.expediente AS expediente1, e0_.nombre AS nombre2, e0_.nif AS nif3, e0_.localidad AS localidad4, e0_.fecha AS fecha5, e0_.matricula AS matricula6, e0_.euros AS euros7, e0_.precepto AS precepto8, e0_.art AS art9, e0_.puntos AS puntos10, e0_.req AS req11, e0_.coincidencia AS coincidencia12, e0_.tlf AS tlf13, e0_.edicto_id AS edicto_id14 FROM Expediente e0_ WHERE e0_.nif LIKE ? OR e0_.matricula LIKE ? (["0006GWX","0006GWX"]) [] []
[2012-10-06 09:03:38] doctrine.DEBUG: SELECT e0_.id AS id0, e0_.expediente AS expediente1, e0_.nombre AS nombre2, e0_.nif AS nif3, e0_.localidad AS localidad4, e0_.fecha AS fecha5, e0_.matricula AS matricula6, e0_.euros AS euros7, e0_.precepto AS precepto8, e0_.art AS art9, e0_.puntos AS puntos10, e0_.req AS req11, e0_.coincidencia AS coincidencia12, e0_.tlf AS tlf13, e0_.edicto_id AS edicto_id14 FROM Expediente e0_ WHERE e0_.nif LIKE ? OR e0_.matricula LIKE ? (["0008FNP","0008FNP"]) [] []
[2012-10-06 09:03:38] doctrine.DEBUG: SELECT e0_.id AS id0, e0_.expediente AS expediente1, e0_.nombre AS nombre2, e0_.nif AS nif3, e0_.localidad AS localidad4, e0_.fecha AS fecha5, e0_.matricula AS matricula6, e0_.euros AS euros7, e0_.precepto AS precepto8, e0_.art AS art9, e0_.puntos AS puntos10, e0_.req AS req11, e0_.coincidencia AS coincidencia12, e0_.tlf AS tlf13, e0_.edicto_id AS edicto_id14 FROM Expediente e0_ WHERE e0_.nif LIKE ? OR e0_.matricula LIKE ? (["0010GPR","0010GPR"]) [] []
[2012-10-06 09:03:38] doctrine.DEBUG: SELECT e0_.id AS id0, e0_.expediente AS expediente1, e0_.nombre AS nombre2, e0_.nif AS nif3, e0_.localidad AS localidad4, e0_.fecha AS fecha5, e0_.matricula AS matricula6, e0_.euros AS euros7, e0_.precepto AS precepto8, e0_.art AS art9, e0_.puntos AS puntos10, e0_.req AS req11, e0_.coincidencia AS coincidencia12, e0_.tlf AS tlf13, e0_.edicto_id AS edicto_id14 FROM Expediente e0_ WHERE e0_.nif LIKE ? OR e0_.matricula LIKE ? (["0011GPW","0011GPW"]) [] []
[2012-10-06 09:03:38] doctrine.DEBUG: SELECT e0_.id AS id0, e0_.expediente AS expediente1, e0_.nombre AS nombre2, e0_.nif AS nif3, e0_.localidad AS localidad4, e0_.fecha AS fecha5, e0_.matricula AS matricula6, e0_.euros AS euros7, e0_.precepto AS precepto8, e0_.art AS art9, e0_.puntos AS puntos10, e0_.req AS req11, e0_.coincidencia AS coincidencia12, e0_.tlf AS tlf13, e0_.edicto_id AS edicto_id14 FROM Expediente e0_ WHERE e0_.nif LIKE ? OR e0_.matricula LIKE ? (["0012FFY","0012FFY"]) [] []
[2012-10-06 09:03:38] doctrine.DEBUG: SELECT e0_.id AS id0, e0_.expediente AS expediente1, e0_.nombre AS nombre2, e0_.nif AS nif3, e0_.localidad AS localidad4, e0_.fecha AS fecha5, e0_.matricula AS matricula6, e0_.euros AS euros7, e0_.precepto AS precepto8, e0_.art AS art9, e0_.puntos AS puntos10, e0_.req AS req11, e0_.coincidencia AS coincidencia12, e0_.tlf AS tlf13, e0_.edicto_id AS edicto_id14 FROM Expediente e0_ WHERE e0_.nif LIKE ? OR e0_.matricula LIKE ? (["1324CJH","1324CJH"]) [] []
[2012-10-06 09:03:38] doctrine.DEBUG: SELECT e0_.id AS id0, e0_.expediente AS expediente1, e0_.nombre AS nombre2, e0_.nif AS nif3, e0_.localidad AS localidad4, e0_.fecha AS fecha5, e0_.matricula AS matricula6, e0_.euros AS euros7, e0_.precepto AS precepto8, e0_.art AS art9, e0_.puntos AS puntos10, e0_.req AS req11, e0_.coincidencia AS coincidencia12, e0_.tlf AS tlf13, e0_.edicto_id AS edicto_id14 FROM Expediente e0_ WHERE e0_.nif LIKE ? OR e0_.matricula LIKE ? (["0422CML","0422CML"]) [] []
[2012-10-06 09:03:38] event.DEBUG: Notified event "kernel.exception" to listener "Symfony\Component\HttpKernel\EventListener\ExceptionListener::onKernelException". [] []
[2012-10-06 09:03:38] request.CRITICAL: ErrorException: Notice: Undefined variable: dir in /var/www/html/bumex/src/Bumex/BasicBundle/Controller/IndexController.php line 119 (uncaught exception) at /var/www/html/bumex/vendor/symfony/src/Symfony/Component/HttpKernel/Debug/ErrorHandler.php line 67 [] []
[2012-10-06 09:03:38] event.DEBUG: Notified event "kernel.request" to listener "Symfony\Bundle\FrameworkBundle\EventListener\RouterListener::onEarlyKernelRequest". [] []
[2012-10-06 09:03:38] event.DEBUG: Notified event "kernel.request" to listener "Symfony\Bundle\FrameworkBundle\EventListener\SessionListener::onKernelRequest". [] []
[2012-10-06 09:03:38] event.DEBUG: Notified event "kernel.request" to listener "Symfony\Component\Security\Http\Firewall::onKernelRequest". [] []
[2012-10-06 09:03:38] event.DEBUG: Notified event "kernel.request" to listener "Symfony\Bundle\FrameworkBundle\EventListener\RouterListener::onKernelRequest". [] []
[2012-10-06 09:03:38] event.DEBUG: Notified event "kernel.controller" to listener "Sensio\Bundle\FrameworkExtraBundle\EventListener\ControllerListener::onKernelController". [] []
[2012-10-06 09:03:38] event.DEBUG: Notified event "kernel.controller" to listener "Sensio\Bundle\FrameworkExtraBundle\EventListener\ParamConverterListener::onKernelController". [] []
[2012-10-06 09:03:38] event.DEBUG: Notified event "kernel.controller" to listener "Sensio\Bundle\FrameworkExtraBundle\EventListener\TemplateListener::onKernelController". [] []
[2012-10-06 09:03:38] event.DEBUG: Notified event "kernel.controller" to listener "JMS\SecurityExtraBundle\Controller\ControllerListener::onCoreController". [] []
[2012-10-06 09:03:39] event.DEBUG: Notified event "kernel.response" to listener "Symfony\Component\HttpKernel\EventListener\ResponseListener::onKernelResponse". [] []
[2012-10-06 09:03:39] event.DEBUG: Notified event "kernel.response" to listener "Symfony\Bundle\SecurityBundle\EventListener\ResponseListener::onKernelResponse". [] []
[2012-10-06 09:03:39] event.DEBUG: Notified event "kernel.response" to listener "Sensio\Bundle\FrameworkExtraBundle\EventListener\CacheListener::onKernelResponse". [] []
[2012-10-06 09:03:39] event.DEBUG: Listener "Symfony\Component\HttpKernel\EventListener\ExceptionListener::onKernelException" stopped propagation of the event "kernel.exception". [] []
[2012-10-06 09:03:39] event.DEBUG: Notified event "kernel.response" to listener "Symfony\Component\HttpKernel\EventListener\ResponseListener::onKernelResponse". [] []
[2012-10-06 09:03:39] event.DEBUG: Notified event "kernel.response" to listener "Symfony\Bundle\SecurityBundle\EventListener\ResponseListener::onKernelResponse". [] []
[2012-10-06 09:03:39] event.DEBUG: Notified event "kernel.response" to listener "Sensio\Bundle\FrameworkExtraBundle\EventListener\CacheListener::onKernelResponse". [] []
